TN:
SF:src\App.tsx
FN:19,(anonymous_10)
FN:38,(anonymous_11)
FNF:2
FNH:1
FNDA:4,(anonymous_10)
FNDA:0,(anonymous_11)
DA:6,1
DA:7,1
DA:8,1
DA:9,1
DA:10,1
DA:11,1
DA:12,1
DA:15,1
DA:17,1
DA:19,1
DA:20,4
DA:21,4
DA:22,4
DA:23,4
DA:24,4
DA:25,4
DA:26,4
DA:27,4
DA:28,4
DA:29,4
DA:30,4
DA:31,4
DA:32,4
DA:33,4
DA:34,4
DA:35,4
DA:38,4
DA:39,0
DA:40,0
DA:41,0
DA:43,0
DA:44,0
DA:45,0
DA:46,0
DA:47,0
DA:49,0
DA:50,0
DA:52,0
DA:55,0
DA:57,0
DA:61,4
DA:164,1
LF:42
LH:29
BRDA:39,0,0,0
BRDA:39,1,0,0
BRDA:39,1,1,0
BRDA:39,1,2,0
BRDA:49,2,0,0
BRDA:49,2,1,0
BRDA:55,3,0,0
BRDA:55,3,1,0
BRDA:74,4,0,0
BRDA:74,4,1,4
BRDA:75,5,0,0
BRDA:75,5,1,4
BRDA:79,6,0,0
BRDA:79,6,1,4
BRDA:80,7,0,0
BRDA:80,7,1,4
BRDA:134,8,0,4
BRDA:134,8,1,0
BRDA:135,9,0,4
BRDA:135,9,1,0
BRF:20
BRH:6
end_of_record
TN:
SF:src\main.tsx
FNF:0
FNH:0
DA:1,0
DA:2,0
DA:3,0
DA:4,0
DA:5,0
DA:6,0
DA:8,0
LF:7
LH:0
BRF:0
BRH:0
end_of_record
TN:
SF:src\theme.ts
FNF:0
FNH:0
DA:5,0
DA:7,0
DA:12,0
DA:62,0
LF:4
LH:0
BRF:0
BRH:0
end_of_record
TN:
SF:src\vite-env.d.ts
FNF:0
FNH:0
LF:0
LH:0
BRF:0
BRH:0
end_of_record
TN:
SF:src\components\FileUploader.tsx
FN:12,(anonymous_9)
FN:17,(anonymous_10)
FN:21,(anonymous_11)
FNF:3
FNH:1
FNDA:4,(anonymous_9)
FNDA:0,(anonymous_10)
FNDA:0,(anonymous_11)
DA:4,1
DA:5,1
DA:6,1
DA:12,1
DA:13,4
DA:14,4
DA:15,4
DA:17,4
DA:18,0
DA:21,4
DA:22,0
DA:23,0
DA:24,0
DA:27,4
DA:61,1
LF:15
LH:11
BRDA:22,0,0,0
BRDA:22,0,1,0
BRDA:31,1,0,0
BRDA:31,1,1,4
BRDA:33,2,0,0
BRDA:33,2,1,4
BRDA:37,3,0,0
BRDA:37,3,1,4
BRDA:37,4,0,0
BRDA:37,4,1,4
BRDA:42,5,0,0
BRDA:42,5,1,4
BRDA:43,6,0,0
BRDA:43,6,1,4
BRDA:46,7,0,0
BRDA:46,7,1,4
BRDA:47,8,0,0
BRDA:47,8,1,4
BRF:18
BRH:8
end_of_record
TN:
SF:src\components\ModelSelector.tsx
FN:17,(anonymous_1)
FN:26,(anonymous_2)
FN:34,(anonymous_3)
FNF:3
FNH:2
FNDA:4,(anonymous_1)
FNDA:0,(anonymous_2)
FNDA:8,(anonymous_3)
DA:8,1
DA:9,1
DA:17,1
DA:18,4
DA:19,4
DA:20,4
DA:21,4
DA:26,0
DA:35,8
DA:42,1
LF:10
LH:9
BRF:0
BRH:0
end_of_record
TN:
SF:src\components\PromptEditor.tsx
FN:15,(anonymous_1)
FN:25,(anonymous_2)
FNF:2
FNH:1
FNDA:4,(anonymous_1)
FNDA:0,(anonymous_2)
DA:7,1
DA:8,1
DA:15,1
DA:16,4
DA:17,4
DA:18,4
DA:19,4
DA:20,4
DA:25,0
DA:40,1
LF:10
LH:9
BRF:0
BRH:0
end_of_record
TN:
SF:src\components\ResultsDisplay.tsx
FN:20,(anonymous_1)
FN:53,(anonymous_2)
FNF:2
FNH:1
FNDA:4,(anonymous_1)
FNDA:0,(anonymous_2)
DA:6,1
DA:7,1
DA:8,1
DA:20,1
DA:21,4
DA:22,4
DA:23,4
DA:24,4
DA:25,4
DA:26,4
DA:54,0
DA:67,1
LF:12
LH:11
BRDA:38,0,0,4
BRDA:38,0,1,0
BRF:2
BRH:1
end_of_record
TN:
SF:src\services\evaluationService.ts
FN:22,submitEvaluation
FNF:1
FNH:0
FNDA:0,submitEvaluation
DA:5,1
DA:22,1
DA:23,0
DA:24,0
DA:25,0
DA:26,0
DA:27,0
DA:28,0
DA:31,0
DA:34,0
LF:10
LH:2
BRDA:34,0,0,0
BRDA:34,0,1,0
BRDA:34,0,2,0
BRF:3
BRH:0
end_of_record
TN:
SF:src\services\promptService.ts
FN:10,savePrompt
FN:22,loadPrompt
FNF:2
FNH:0
FNDA:0,savePrompt
FNDA:0,loadPrompt
DA:10,0
DA:11,0
DA:12,0
DA:14,0
DA:22,0
DA:23,0
DA:24,0
DA:26,0
DA:27,0
LF:9
LH:0
BRDA:24,0,0,0
BRDA:24,0,1,0
BRF:2
BRH:0
end_of_record
