TN:
SF:src\app.ts
FN:43,(anonymous_1)
FN:50,(anonymous_2)
FN:64,(anonymous_3)
FNF:3
FNH:1
FNDA:1,(anonymous_1)
FNDA:0,(anonymous_2)
FNDA:0,(anonymous_3)
DA:5,2
DA:6,2
DA:7,2
DA:8,2
DA:9,2
DA:10,2
DA:12,2
DA:13,2
DA:15,2
DA:16,2
DA:21,2
DA:37,2
DA:38,2
DA:43,2
DA:44,1
DA:50,2
DA:51,0
DA:52,0
DA:58,2
DA:59,2
DA:60,0
DA:63,2
DA:64,0
DA:65,0
DA:69,2
LF:25
LH:20
BRDA:13,0,0,2
BRDA:13,0,1,2
BRDA:59,1,0,0
BRDA:63,2,0,0
BRF:4
BRH:2
end_of_record
TN:
SF:src\controllers\evaluationController.ts
FN:16,evaluateReport
FNF:1
FNH:1
FNDA:3,evaluateReport
DA:6,2
DA:16,2
DA:17,3
DA:19,3
DA:20,3
DA:21,3
DA:22,3
DA:23,1
DA:24,1
DA:27,2
DA:28,2
DA:29,1
DA:30,1
DA:33,1
DA:34,1
DA:35,1
DA:37,0
DA:38,0
DA:39,0
DA:42,0
LF:20
LH:16
BRDA:22,0,0,1
BRDA:22,1,0,3
BRDA:22,1,1,2
BRDA:22,1,2,2
BRDA:22,1,3,2
BRDA:22,1,4,2
BRDA:28,2,0,1
BRDA:38,3,0,0
BRF:8
BRH:7
end_of_record
TN:
SF:src\routes\evaluationRoutes.ts
FN:72,(anonymous_1)
FNF:1
FNH:1
FNDA:6,(anonymous_1)
DA:5,2
DA:6,2
DA:7,2
DA:8,2
DA:9,2
DA:13,2
DA:14,2
DA:60,2
DA:73,6
DA:74,6
DA:75,3
DA:76,3
DA:78,3
DA:83,2
LF:14
LH:14
BRDA:74,0,0,3
BRF:1
BRH:1
end_of_record
TN:
SF:src\services\llmService.ts
FN:13,evaluateWithLLM
FNF:1
FNH:1
FNDA:1,evaluateWithLLM
DA:13,2
DA:14,1
DA:17,1
DA:21,0
DA:22,0
LF:5
LH:3
BRF:0
BRH:0
end_of_record
